SF:lib/src/core/firestore/collections/message.dart
DA:11,4
DA:13,0
DA:16,5
DA:19,1
DA:20,3
DA:21,3
DA:25,1
DA:26,2
DA:27,6
DA:31,0
DA:32,0
DA:33,0
DA:37,0
DA:38,0
DA:39,0
DA:40,0
DA:44,1
DA:51,3
DA:53,1
DA:55,1
DA:57,1
DA:59,1
DA:60,2
DA:62,3
DA:63,1
DA:64,2
DA:68,5
DA:75,0
DA:76,0
DA:78,0
DA:79,0
DA:80,0
DA:83,0
DA:87,0
DA:88,0
DA:90,0
DA:91,0
DA:93,0
DA:98,0
DA:100,0
DA:102,0
DA:106,0
DA:108,0
DA:110,0
DA:112,0
DA:114,0
DA:116,0
DA:118,0
DA:120,0
DA:122,0
DA:124,0
DA:126,0
DA:127,0
DA:129,0
DA:130,0
DA:133,0
DA:135,0
DA:136,0
DA:138,0
DA:139,0
DA:143,0
DA:146,0
DA:150,0
DA:151,0
DA:152,0
DA:155,0
DA:156,0
DA:157,0
DA:158,0
DA:159,0
DA:160,0
DA:162,0
LF:72
LH:19
end_of_record
SF:lib/src/core/firestore/collections/room.dart
DA:11,4
DA:13,0
DA:16,0
DA:18,0
DA:19,0
DA:21,0
DA:26,0
DA:27,0
DA:29,0
DA:34,0
DA:35,0
DA:36,0
DA:39,0
DA:40,0
DA:41,0
DA:42,0
DA:45,0
DA:46,0
DA:47,0
DA:50,0
DA:51,0
DA:52,0
DA:55,0
DA:57,0
DA:58,0
DA:60,0
DA:61,0
DA:62,0
DA:63,0
DA:64,0
DA:65,0
DA:68,0
DA:73,0
DA:77,0
DA:78,0
DA:80,0
DA:82,0
DA:84,0
DA:86,0
DA:88,0
DA:90,0
DA:92,0
DA:97,0
DA:98,0
DA:99,0
DA:101,0
DA:102,0
DA:103,0
DA:106,0
DA:107,0
DA:110,0
DA:111,0
DA:113,0
DA:116,0
DA:117,0
DA:120,0
DA:122,0
DA:125,0
DA:126,0
DA:128,0
DA:129,0
DA:131,0
DA:132,0
DA:136,0
DA:137,0
DA:141,0
DA:143,0
DA:147,0
DA:148,0
DA:152,0
DA:153,0
DA:154,0
DA:160,0
DA:162,0
DA:164,0
DA:169,0
DA:170,0
DA:172,0
DA:173,0
DA:174,0
DA:178,0
DA:179,0
DA:183,0
DA:184,0
DA:185,0
DA:188,0
DA:189,0
DA:190,0
DA:194,0
DA:197,0
DA:199,0
DA:203,0
DA:205,0
DA:206,0
DA:208,0
DA:210,0
DA:211,0
DA:214,0
DA:216,0
LF:99
LH:1
end_of_record
SF:lib/src/core/firestore/collections/user.dart
DA:9,4
DA:11,5
DA:13,6
DA:15,1
DA:16,3
DA:17,3
DA:20,1
DA:21,2
DA:27,1
DA:29,2
DA:34,1
DA:37,1
DA:40,6
DA:43,1
DA:44,3
DA:45,4
DA:48,1
DA:49,2
DA:52,2
DA:54,3
DA:56,8
DA:59,1
DA:60,5
DA:61,3
DA:64,1
DA:65,3
DA:67,3
DA:69,3
LF:28
LH:28
end_of_record
SF:lib/src/core/firestore/collections/base.dart
DA:4,2
DA:6,4
LF:2
LH:2
end_of_record
SF:lib/src/core/user/user.dart
DA:8,0
DA:10,0
DA:12,0
DA:16,0
DA:18,0
DA:22,0
DA:24,0
DA:26,0
DA:33,0
DA:34,0
DA:36,0
DA:37,0
DA:38,0
DA:39,0
DA:41,0
DA:42,0
DA:45,0
DA:46,0
DA:47,0
DA:48,0
DA:49,0
DA:52,0
DA:53,0
DA:54,0
DA:55,0
DA:58,0
DA:59,0
DA:60,0
DA:62,0
DA:63,0
LF:30
LH:0
end_of_record
SF:lib/src/core/user/online_listener.dart
DA:12,0
DA:14,0
DA:17,0
DA:19,0
DA:23,0
DA:25,0
DA:32,0
DA:33,0
DA:34,0
DA:36,0
DA:40,0
DA:41,0
DA:44,0
DA:45,0
DA:46,0
DA:47,0
DA:48,0
DA:49,0
DA:50,0
DA:51,0
DA:57,0
DA:58,0
DA:59,0
DA:60,0
DA:61,0
DA:62,0
DA:63,0
DA:64,0
DA:70,0
DA:71,0
DA:72,0
DA:75,0
DA:76,0
DA:78,0
DA:79,0
DA:81,0
DA:85,0
DA:86,0
DA:88,0
DA:89,0
DA:91,0
DA:97,0
DA:99,0
DA:100,0
DA:102,0
DA:103,0
DA:105,0
DA:106,0
DA:108,0
DA:109,0
LF:50
LH:0
end_of_record
